<?xml version="1.0" encoding="UTF-8"?>
<testsuite xmlns:xsi="http://www.w3.org/2001/XMLSchema-instance" xsi:noNamespaceSchemaLocation="https://maven.apache.org/surefire/maven-surefire-plugin/xsd/surefire-test-report-3.0.xsd" version="3.0" name="controller.CartControllerTest" time="0.236" tests="3" errors="0" skipped="0" failures="0">
  <properties>
[...]
</properties>
  <testcase name="addProductToCart_ProductWithoutStock_ThrowsException" classname="controller.CartControllerTest" time="0.22"/>
  <testcase name="addProductToCart_ProductNotFound_ThrowsException" classname="controller.CartControllerTest" time="0.0"/>
  <testcase name="addProductToCart_SuccessfulAddition_ReturnsUpdatedCart" classname="controller.CartControllerTest" time="0.016"/>
</testsuite>